Using pre-set license
Built from '2021.1/release' branch; Version is '2021.1.0f1 (61a549675243) revision 6399305'; Using compiler version '192528614'; Build Type 'Release'
OS: 'Windows 10 Pro; OS build 19044.1586; Version 2009; 64bit' Language: 'es' Physical Memory: 14284 MB
BatchMode: 1, IsHumanControllingUs: 0, StartBugReporterOnCrash: 0, Is64bit: 1, IsPro: 0

 COMMAND LINE ARGUMENTS:
C:\Program Files\Unity\Hub\Editor\2021.1.0f1\Editor\Unity.exe
-adb2
-batchMode
-noUpm
-name
AssetImportWorker0
-projectPath
C:/Users/Mario Rodriguez/Timbiriche
-logFile
Logs/AssetImportWorker0.log
-srvPort
59184
Successfully changed project path to: C:/Users/Mario Rodriguez/Timbiriche
C:/Users/Mario Rodriguez/Timbiriche
Using Asset Import Pipeline V2.
Refreshing native plugins compatible for Editor in 114.83 ms, found 2 plugins.
Preloading 0 native plugins for Editor in 0.00 ms.
Initialize engine version: 2021.1.0f1 (61a549675243)
[Subsystems] Discovering subsystems at path C:/Program Files/Unity/Hub/Editor/2021.1.0f1/Editor/Data/Resources/UnitySubsystems
[Subsystems] Discovering subsystems at path C:/Users/Mario Rodriguez/Timbiriche/Assets
GfxDevice: creating device client; threaded=0; jobified=0
Direct3D:
    Version:  Direct3D 11.0 [level 11.1]
    Renderer: AMD Radeon(TM) RX Vega 11 Graphics (ID=0x15d8)
    Vendor:   ATI
    VRAM:     7142 MB
    Driver:   30.0.13023.4001
Initialize mono
Mono path[0] = 'C:/Program Files/Unity/Hub/Editor/2021.1.0f1/Editor/Data/Managed'
Mono path[1] = 'C:/Program Files/Unity/Hub/Editor/2021.1.0f1/Editor/Data/MonoBleedingEdge/lib/mono/unityjit'
Mono config path = 'C:/Program Files/Unity/Hub/Editor/2021.1.0f1/Editor/Data/MonoBleedingEdge/etc'
Using monoOptions --debugger-agent=transport=dt_socket,embedding=1,server=y,suspend=n,address=127.0.0.1:56348
Begin MonoManager ReloadAssembly
Registering precompiled unity dll's ...
Register platform support module: C:/Program Files/Unity/Hub/Editor/2021.1.0f1/Editor/Data/PlaybackEngines/WindowsStandaloneSupport/UnityEditor.WindowsStandalone.Extensions.dll
Registered in 0.003896 seconds.
Native extension for WindowsStandalone target not found
Refreshing native plugins compatible for Editor in 196.15 ms, found 2 plugins.
Preloading 0 native plugins for Editor in 0.00 ms.
Mono: successfully reloaded assembly
- Completed reload, in  4.062 seconds
Platform modules already initialized, skipping
Registering precompiled user dll's ...
Registered in 0.004985 seconds.
Begin MonoManager ReloadAssembly
Native extension for WindowsStandalone target not found
Refreshing native plugins compatible for Editor in 196.65 ms, found 2 plugins.
Preloading 0 native plugins for Editor in 0.00 ms.
Mono: successfully reloaded assembly
- Completed reload, in  2.225 seconds
Platform modules already initialized, skipping
========================================================================
Worker process is ready to serve import requests
Launched and connected shader compiler UnityShaderCompiler.exe after 0.05 seconds
Refreshing native plugins compatible for Editor in 0.72 ms, found 2 plugins.
Preloading 0 native plugins for Editor in 0.00 ms.
Unloading 3365 Unused Serialized files (Serialized files now loaded: 0)
System memory in use before: 127.4 MB.
System memory in use after: 127.5 MB.

Unloading 29 unused Assets to reduce memory usage. Loaded Objects now: 3816.
Total: 3.372500 ms (FindLiveObjects: 0.338900 ms CreateObjectMapping: 0.119500 ms MarkObjects: 2.763200 ms  DeleteObjects: 0.149400 ms)

========================================================================
Received Import Request.
  path: Assets
  artifactKey: Guid(00000000000000001000000000000000) Importer(815301076,1909f56bfc062723c751e8b465ee728b)
Start importing Assets using Guid(00000000000000001000000000000000) Importer(815301076,1909f56bfc062723c751e8b465ee728b)  -> (artifact id: 'c1e3b0d4d28e3570eb9237b2a8027d38') in 0.013398 seconds 
========================================================================
Received Import Request.
  Time since last request: 7.043023 seconds.
  path: Assets/Scripts
  artifactKey: Guid(18c6fd518b401bd4d97e18d26c3a82dc) Importer(815301076,1909f56bfc062723c751e8b465ee728b)
Start importing Assets/Scripts using Guid(18c6fd518b401bd4d97e18d26c3a82dc) Importer(815301076,1909f56bfc062723c751e8b465ee728b)  -> (artifact id: '7ae6dc1392b7a862b180cf413160d4b1') in 0.014340 seconds 
========================================================================
Received Import Request.
  Time since last request: 25.893276 seconds.
  path: Assets/Scripts/Point.cs
  artifactKey: Guid(100edc626d32d964f9ce71cb3f909548) Importer(815301076,1909f56bfc062723c751e8b465ee728b)
Start importing Assets/Scripts/Point.cs using Guid(100edc626d32d964f9ce71cb3f909548) Importer(815301076,1909f56bfc062723c751e8b465ee728b)  -> (artifact id: '5c7d8d33f878392830b2a3fa7f21e022') in 0.062986 seconds 
========================================================================
Received Prepare
Registering precompiled user dll's ...
Registered in 0.003964 seconds.
Begin MonoManager ReloadAssembly
Native extension for WindowsStandalone target not found
Refreshing native plugins compatible for Editor in 1.09 ms, found 2 plugins.
Preloading 0 native plugins for Editor in 0.00 ms.
Mono: successfully reloaded assembly
- Completed reload, in  1.213 seconds
Platform modules already initialized, skipping
Refreshing native plugins compatible for Editor in 0.71 ms, found 2 plugins.
Preloading 0 native plugins for Editor in 0.00 ms.
Unloading 3361 Unused Serialized files (Serialized files now loaded: 0)
System memory in use before: 127.4 MB.
System memory in use after: 127.6 MB.

Unloading 17 unused Assets to reduce memory usage. Loaded Objects now: 3821.
Total: 6.726300 ms (FindLiveObjects: 0.670900 ms CreateObjectMapping: 0.208100 ms MarkObjects: 5.579800 ms  DeleteObjects: 0.264100 ms)

========================================================================
Received Import Request.
  Time since last request: 456.628759 seconds.
  path: Assets/Scripts/GameManager.cs
  artifactKey: Guid(d3d0320128bce0c4ea327180fcfe5c7c) Importer(815301076,1909f56bfc062723c751e8b465ee728b)
Start importing Assets/Scripts/GameManager.cs using Guid(d3d0320128bce0c4ea327180fcfe5c7c) Importer(815301076,1909f56bfc062723c751e8b465ee728b)  -> (artifact id: '4e0903321764fa56d7f94337264a9ad0') in 0.016529 seconds 
========================================================================
Received Prepare
Registering precompiled user dll's ...
Registered in 0.004427 seconds.
Begin MonoManager ReloadAssembly
Native extension for WindowsStandalone target not found
Refreshing native plugins compatible for Editor in 1.27 ms, found 2 plugins.
Preloading 0 native plugins for Editor in 0.00 ms.
Mono: successfully reloaded assembly
- Completed reload, in  1.202 seconds
Platform modules already initialized, skipping
Refreshing native plugins compatible for Editor in 0.82 ms, found 2 plugins.
Preloading 0 native plugins for Editor in 0.00 ms.
Unloading 3362 Unused Serialized files (Serialized files now loaded: 0)
System memory in use before: 127.5 MB.
System memory in use after: 127.6 MB.

Unloading 17 unused Assets to reduce memory usage. Loaded Objects now: 3826.
Total: 3.320700 ms (FindLiveObjects: 0.357200 ms CreateObjectMapping: 0.146700 ms MarkObjects: 2.681300 ms  DeleteObjects: 0.134000 ms)

========================================================================
Received Import Request.
  Time since last request: 31.822640 seconds.
  path: Assets/Prefabs
  artifactKey: Guid(3b168b0fbd731b746a841b42f221d489) Importer(815301076,1909f56bfc062723c751e8b465ee728b)
Start importing Assets/Prefabs using Guid(3b168b0fbd731b746a841b42f221d489) Importer(815301076,1909f56bfc062723c751e8b465ee728b)  -> (artifact id: '9b3730a58011a295fadd58df71dee258') in 0.019469 seconds 
========================================================================
Received Import Request.
  Time since last request: 10.503805 seconds.
  path: Assets/Prefabs/Point.prefab
  artifactKey: Guid(068912a89c4397e4580f3c8f8b09e814) Importer(815301076,1909f56bfc062723c751e8b465ee728b)
Start importing Assets/Prefabs/Point.prefab using Guid(068912a89c4397e4580f3c8f8b09e814) Importer(815301076,1909f56bfc062723c751e8b465ee728b)  -> (artifact id: 'f7489e171d2d343630a0838cb293abad') in 0.113806 seconds 
========================================================================
Received Prepare
Registering precompiled user dll's ...
Registered in 0.004782 seconds.
Begin MonoManager ReloadAssembly
Native extension for WindowsStandalone target not found
Refreshing native plugins compatible for Editor in 0.75 ms, found 2 plugins.
Preloading 0 native plugins for Editor in 0.00 ms.
Mono: successfully reloaded assembly
- Completed reload, in  1.540 seconds
Platform modules already initialized, skipping
Refreshing native plugins compatible for Editor in 0.89 ms, found 2 plugins.
Preloading 0 native plugins for Editor in 0.00 ms.
Unloading 3362 Unused Serialized files (Serialized files now loaded: 0)
System memory in use before: 131.2 MB.
System memory in use after: 131.3 MB.

Unloading 17 unused Assets to reduce memory usage. Loaded Objects now: 3837.
Total: 3.506800 ms (FindLiveObjects: 0.404800 ms CreateObjectMapping: 0.143900 ms MarkObjects: 2.833100 ms  DeleteObjects: 0.123500 ms)

========================================================================
Received Import Request.
  Time since last request: 1189.308987 seconds.
  path: Assets/Scripts/GameManager.cs
  artifactKey: Guid(d3d0320128bce0c4ea327180fcfe5c7c) Importer(815301076,1909f56bfc062723c751e8b465ee728b)
Start importing Assets/Scripts/GameManager.cs using Guid(d3d0320128bce0c4ea327180fcfe5c7c) Importer(815301076,1909f56bfc062723c751e8b465ee728b)  -> (artifact id: 'cde4cc01f9524456aa8c4fcf0be7465c') in 0.010895 seconds 
========================================================================
Received Prepare
Registering precompiled user dll's ...
Registered in 0.006932 seconds.
Begin MonoManager ReloadAssembly
Native extension for WindowsStandalone target not found
Refreshing native plugins compatible for Editor in 1.32 ms, found 2 plugins.
Preloading 0 native plugins for Editor in 0.00 ms.
Mono: successfully reloaded assembly
- Completed reload, in  1.644 seconds
Platform modules already initialized, skipping
Refreshing native plugins compatible for Editor in 0.99 ms, found 2 plugins.
Preloading 0 native plugins for Editor in 0.00 ms.
Unloading 3362 Unused Serialized files (Serialized files now loaded: 0)
System memory in use before: 131.2 MB.
System memory in use after: 131.3 MB.

Unloading 17 unused Assets to reduce memory usage. Loaded Objects now: 3841.
Total: 4.634200 ms (FindLiveObjects: 0.419800 ms CreateObjectMapping: 0.251100 ms MarkObjects: 3.825600 ms  DeleteObjects: 0.135800 ms)

========================================================================
Received Import Request.
  Time since last request: 109.491404 seconds.
  path: Assets/Prefabs/Point.prefab
  artifactKey: Guid(068912a89c4397e4580f3c8f8b09e814) Importer(815301076,1909f56bfc062723c751e8b465ee728b)
Start importing Assets/Prefabs/Point.prefab using Guid(068912a89c4397e4580f3c8f8b09e814) Importer(815301076,1909f56bfc062723c751e8b465ee728b)  -> (artifact id: 'dbc1dcb701162cc39c727bca37545c1b') in 0.099710 seconds 
========================================================================
Received Import Request.
  Time since last request: 4.088367 seconds.
  path: Assets/Prefabs/Point.prefab
  artifactKey: Guid(068912a89c4397e4580f3c8f8b09e814) Importer(815301076,1909f56bfc062723c751e8b465ee728b)
Start importing Assets/Prefabs/Point.prefab using Guid(068912a89c4397e4580f3c8f8b09e814) Importer(815301076,1909f56bfc062723c751e8b465ee728b)  -> (artifact id: '167dbcdac6d413b3308a6cf7f67c1cc0') in 0.016405 seconds 
========================================================================
Received Prepare
Registering precompiled user dll's ...
Registered in 0.005075 seconds.
Begin MonoManager ReloadAssembly
Native extension for WindowsStandalone target not found
Refreshing native plugins compatible for Editor in 0.70 ms, found 2 plugins.
Preloading 0 native plugins for Editor in 0.00 ms.
Mono: successfully reloaded assembly
- Completed reload, in  1.238 seconds
Platform modules already initialized, skipping
Refreshing native plugins compatible for Editor in 1.05 ms, found 2 plugins.
Preloading 0 native plugins for Editor in 0.00 ms.
Unloading 3362 Unused Serialized files (Serialized files now loaded: 0)
System memory in use before: 131.2 MB.
System memory in use after: 131.3 MB.

Unloading 17 unused Assets to reduce memory usage. Loaded Objects now: 3846.
Total: 4.279300 ms (FindLiveObjects: 0.426900 ms CreateObjectMapping: 0.143000 ms MarkObjects: 3.551300 ms  DeleteObjects: 0.156400 ms)

========================================================================
Received Import Request.
  Time since last request: 297.098842 seconds.
  path: Assets/Scenes/SampleScene.unity
  artifactKey: Guid(2cda990e2423bbf4892e6590ba056729) Importer(815301076,1909f56bfc062723c751e8b465ee728b)
Start importing Assets/Scenes/SampleScene.unity using Guid(2cda990e2423bbf4892e6590ba056729) Importer(815301076,1909f56bfc062723c751e8b465ee728b)  -> (artifact id: '0ea6f3c008670820013dedb642881153') in 0.025980 seconds 
========================================================================
Received Prepare
Registering precompiled user dll's ...
Registered in 0.005359 seconds.
Begin MonoManager ReloadAssembly
Native extension for WindowsStandalone target not found
Refreshing native plugins compatible for Editor in 0.84 ms, found 2 plugins.
Preloading 0 native plugins for Editor in 0.00 ms.
Mono: successfully reloaded assembly
- Completed reload, in  1.447 seconds
Platform modules already initialized, skipping
Refreshing native plugins compatible for Editor in 0.68 ms, found 2 plugins.
Preloading 0 native plugins for Editor in 0.00 ms.
Unloading 3362 Unused Serialized files (Serialized files now loaded: 0)
System memory in use before: 131.2 MB.
System memory in use after: 131.4 MB.

Unloading 17 unused Assets to reduce memory usage. Loaded Objects now: 3850.
Total: 3.025800 ms (FindLiveObjects: 0.317600 ms CreateObjectMapping: 0.133600 ms MarkObjects: 2.450300 ms  DeleteObjects: 0.123100 ms)

========================================================================
Received Prepare
Registering precompiled user dll's ...
Registered in 0.006173 seconds.
Begin MonoManager ReloadAssembly
Native extension for WindowsStandalone target not found
Refreshing native plugins compatible for Editor in 1.71 ms, found 2 plugins.
Preloading 0 native plugins for Editor in 0.00 ms.
Mono: successfully reloaded assembly
- Completed reload, in  1.466 seconds
Platform modules already initialized, skipping
Refreshing native plugins compatible for Editor in 1.31 ms, found 2 plugins.
Preloading 0 native plugins for Editor in 0.00 ms.
Unloading 3362 Unused Serialized files (Serialized files now loaded: 0)
System memory in use before: 131.3 MB.
System memory in use after: 131.4 MB.

Unloading 17 unused Assets to reduce memory usage. Loaded Objects now: 3854.
Total: 5.290700 ms (FindLiveObjects: 0.746100 ms CreateObjectMapping: 0.685200 ms MarkObjects: 3.711100 ms  DeleteObjects: 0.146500 ms)

========================================================================
Received Import Request.
  Time since last request: 164.906604 seconds.
  path: Assets/Prefabs/Point.prefab
  artifactKey: Guid(068912a89c4397e4580f3c8f8b09e814) Importer(815301076,1909f56bfc062723c751e8b465ee728b)
Start importing Assets/Prefabs/Point.prefab using Guid(068912a89c4397e4580f3c8f8b09e814) Importer(815301076,1909f56bfc062723c751e8b465ee728b)  -> (artifact id: '799ae59e22a02cc6c297db72e3f497c8') in 0.123705 seconds 
========================================================================
Received Prepare
Registering precompiled user dll's ...
Registered in 0.006179 seconds.
Begin MonoManager ReloadAssembly
Native extension for WindowsStandalone target not found
Refreshing native plugins compatible for Editor in 1.14 ms, found 2 plugins.
Preloading 0 native plugins for Editor in 0.00 ms.
Mono: successfully reloaded assembly
- Completed reload, in  1.412 seconds
Platform modules already initialized, skipping
Refreshing native plugins compatible for Editor in 0.77 ms, found 2 plugins.
Preloading 0 native plugins for Editor in 0.00 ms.
Unloading 3362 Unused Serialized files (Serialized files now loaded: 0)
System memory in use before: 131.3 MB.
System memory in use after: 131.4 MB.

Unloading 17 unused Assets to reduce memory usage. Loaded Objects now: 3859.
Total: 3.613700 ms (FindLiveObjects: 0.682400 ms CreateObjectMapping: 0.308600 ms MarkObjects: 2.494200 ms  DeleteObjects: 0.126000 ms)

========================================================================
Received Prepare
Registering precompiled user dll's ...
Registered in 0.007514 seconds.
Begin MonoManager ReloadAssembly
Native extension for WindowsStandalone target not found
Refreshing native plugins compatible for Editor in 0.82 ms, found 2 plugins.
Preloading 0 native plugins for Editor in 0.00 ms.
Mono: successfully reloaded assembly
- Completed reload, in  1.579 seconds
Platform modules already initialized, skipping
Refreshing native plugins compatible for Editor in 0.81 ms, found 2 plugins.
Preloading 0 native plugins for Editor in 0.00 ms.
Unloading 3362 Unused Serialized files (Serialized files now loaded: 0)
System memory in use before: 131.3 MB.
System memory in use after: 131.4 MB.

Unloading 17 unused Assets to reduce memory usage. Loaded Objects now: 3863.
Total: 4.518700 ms (FindLiveObjects: 0.379800 ms CreateObjectMapping: 0.196200 ms MarkObjects: 3.782300 ms  DeleteObjects: 0.158800 ms)

========================================================================
Received Prepare
Registering precompiled user dll's ...
Registered in 0.004006 seconds.
Begin MonoManager ReloadAssembly
Native extension for WindowsStandalone target not found
Refreshing native plugins compatible for Editor in 0.99 ms, found 2 plugins.
Preloading 0 native plugins for Editor in 0.00 ms.
Mono: successfully reloaded assembly
- Completed reload, in  1.239 seconds
Platform modules already initialized, skipping
Refreshing native plugins compatible for Editor in 0.81 ms, found 2 plugins.
Preloading 0 native plugins for Editor in 0.00 ms.
Unloading 3362 Unused Serialized files (Serialized files now loaded: 0)
System memory in use before: 131.3 MB.
System memory in use after: 131.4 MB.

Unloading 17 unused Assets to reduce memory usage. Loaded Objects now: 3867.
Total: 3.202900 ms (FindLiveObjects: 0.354100 ms CreateObjectMapping: 0.104800 ms MarkObjects: 2.614400 ms  DeleteObjects: 0.128300 ms)

========================================================================
Received Import Request.
  Time since last request: 310.713694 seconds.
  path: Assets/Prefabs/Point.prefab
  artifactKey: Guid(068912a89c4397e4580f3c8f8b09e814) Importer(815301076,1909f56bfc062723c751e8b465ee728b)
Start importing Assets/Prefabs/Point.prefab using Guid(068912a89c4397e4580f3c8f8b09e814) Importer(815301076,1909f56bfc062723c751e8b465ee728b)  -> (artifact id: 'b30f48fcdf4300f51e48f9661d2ecd2a') in 0.066030 seconds 
========================================================================
Received Import Request.
  Time since last request: 8.812261 seconds.
  path: Assets/Prefabs/Point.prefab
  artifactKey: Guid(068912a89c4397e4580f3c8f8b09e814) Importer(815301076,1909f56bfc062723c751e8b465ee728b)
Start importing Assets/Prefabs/Point.prefab using Guid(068912a89c4397e4580f3c8f8b09e814) Importer(815301076,1909f56bfc062723c751e8b465ee728b)  -> (artifact id: 'c6dba0ae65680e639b091bfa50ed9daf') in 0.016939 seconds 
========================================================================
Received Prepare
Registering precompiled user dll's ...
Registered in 0.004061 seconds.
Begin MonoManager ReloadAssembly
Native extension for WindowsStandalone target not found
Refreshing native plugins compatible for Editor in 1.03 ms, found 2 plugins.
Preloading 0 native plugins for Editor in 0.00 ms.
Mono: successfully reloaded assembly
- Completed reload, in  1.273 seconds
Platform modules already initialized, skipping
Refreshing native plugins compatible for Editor in 0.69 ms, found 2 plugins.
Preloading 0 native plugins for Editor in 0.00 ms.
Unloading 3362 Unused Serialized files (Serialized files now loaded: 0)
System memory in use before: 131.3 MB.
System memory in use after: 131.4 MB.

Unloading 17 unused Assets to reduce memory usage. Loaded Objects now: 3872.
Total: 2.941200 ms (FindLiveObjects: 0.342500 ms CreateObjectMapping: 0.137500 ms MarkObjects: 2.336000 ms  DeleteObjects: 0.123600 ms)

========================================================================
Received Prepare
Registering precompiled user dll's ...
Registered in 0.007619 seconds.
Begin MonoManager ReloadAssembly
Native extension for WindowsStandalone target not found
Refreshing native plugins compatible for Editor in 1.10 ms, found 2 plugins.
Preloading 0 native plugins for Editor in 0.00 ms.
Mono: successfully reloaded assembly
- Completed reload, in  1.456 seconds
Platform modules already initialized, skipping
Refreshing native plugins compatible for Editor in 2.05 ms, found 2 plugins.
Preloading 0 native plugins for Editor in 0.00 ms.
Unloading 3362 Unused Serialized files (Serialized files now loaded: 0)
System memory in use before: 131.3 MB.
System memory in use after: 131.4 MB.

Unloading 17 unused Assets to reduce memory usage. Loaded Objects now: 3876.
Total: 4.324700 ms (FindLiveObjects: 1.102600 ms CreateObjectMapping: 0.430900 ms MarkObjects: 2.571300 ms  DeleteObjects: 0.217500 ms)

========================================================================
Received Import Request.
  Time since last request: 415.731357 seconds.
  path: Assets/Scripts/GameManager.cs
  artifactKey: Guid(d3d0320128bce0c4ea327180fcfe5c7c) Importer(815301076,1909f56bfc062723c751e8b465ee728b)
Start importing Assets/Scripts/GameManager.cs using Guid(d3d0320128bce0c4ea327180fcfe5c7c) Importer(815301076,1909f56bfc062723c751e8b465ee728b)  -> (artifact id: '79a4b9f27b6d1b9c0b355e3252acecf4') in 0.008494 seconds 
========================================================================
Received Import Request.
  Time since last request: 5142.706818 seconds.
  path: Assets/Scripts/Point.cs
  artifactKey: Guid(100edc626d32d964f9ce71cb3f909548) Importer(815301076,1909f56bfc062723c751e8b465ee728b)
Start importing Assets/Scripts/Point.cs using Guid(100edc626d32d964f9ce71cb3f909548) Importer(815301076,1909f56bfc062723c751e8b465ee728b)  -> (artifact id: '3fb12f0a72dc65f7b4c1fb6c71c9fd1d') in 0.012399 seconds 
========================================================================
Received Import Request.
  Time since last request: 847.376100 seconds.
  path: Assets/Scripts/Line.cs
  artifactKey: Guid(e738b924e4e71ba4b8754d07374fc833) Importer(815301076,1909f56bfc062723c751e8b465ee728b)
Start importing Assets/Scripts/Line.cs using Guid(e738b924e4e71ba4b8754d07374fc833) Importer(815301076,1909f56bfc062723c751e8b465ee728b)  -> (artifact id: '7591141ee21fbae728ace894a90c8620') in 0.009280 seconds 
========================================================================
Received Prepare
Registering precompiled user dll's ...
Registered in 0.004657 seconds.
Begin MonoManager ReloadAssembly
Native extension for WindowsStandalone target not found
Refreshing native plugins compatible for Editor in 1.24 ms, found 2 plugins.
Preloading 0 native plugins for Editor in 0.00 ms.
Mono: successfully reloaded assembly
- Completed reload, in  1.333 seconds
Platform modules already initialized, skipping
Refreshing native plugins compatible for Editor in 1.35 ms, found 2 plugins.
Preloading 0 native plugins for Editor in 0.00 ms.
Unloading 3363 Unused Serialized files (Serialized files now loaded: 0)
System memory in use before: 131.3 MB.
System memory in use after: 131.5 MB.

Unloading 17 unused Assets to reduce memory usage. Loaded Objects now: 3881.
Total: 3.880000 ms (FindLiveObjects: 0.380000 ms CreateObjectMapping: 0.173100 ms MarkObjects: 3.143700 ms  DeleteObjects: 0.182000 ms)

========================================================================
Received Import Request.
  Time since last request: 38.325463 seconds.
  path: Assets/Prefabs/Line.prefab
  artifactKey: Guid(804580664ca4a8044bd5fac8c9681cb3) Importer(815301076,1909f56bfc062723c751e8b465ee728b)
Start importing Assets/Prefabs/Line.prefab using Guid(804580664ca4a8044bd5fac8c9681cb3) Importer(815301076,1909f56bfc062723c751e8b465ee728b)  -> (artifact id: '6eb28eec67b064c8c0f87e986ddb08d0') in 0.090983 seconds 
========================================================================
Received Import Request.
  Time since last request: 15.075718 seconds.
  path: Assets/Scenes/SampleScene.unity
  artifactKey: Guid(2cda990e2423bbf4892e6590ba056729) Importer(815301076,1909f56bfc062723c751e8b465ee728b)
Start importing Assets/Scenes/SampleScene.unity using Guid(2cda990e2423bbf4892e6590ba056729) Importer(815301076,1909f56bfc062723c751e8b465ee728b)  -> (artifact id: '1730919ad07ba008eedf17217622e1b9') in 0.005980 seconds 
========================================================================
Received Import Request.
  Time since last request: 4.923498 seconds.
  path: Assets/Scenes/SampleScene.unity
  artifactKey: Guid(2cda990e2423bbf4892e6590ba056729) Importer(815301076,1909f56bfc062723c751e8b465ee728b)
Start importing Assets/Scenes/SampleScene.unity using Guid(2cda990e2423bbf4892e6590ba056729) Importer(815301076,1909f56bfc062723c751e8b465ee728b)  -> (artifact id: '3b5c50dab96e87e62ab417b21ac49538') in 0.008128 seconds 
========================================================================
Received Prepare
Registering precompiled user dll's ...
Registered in 0.006270 seconds.
Begin MonoManager ReloadAssembly
Native extension for WindowsStandalone target not found
Refreshing native plugins compatible for Editor in 1.34 ms, found 2 plugins.
Preloading 0 native plugins for Editor in 0.00 ms.
Mono: successfully reloaded assembly
- Completed reload, in  1.317 seconds
Platform modules already initialized, skipping
Refreshing native plugins compatible for Editor in 1.30 ms, found 2 plugins.
Preloading 0 native plugins for Editor in 0.00 ms.
Unloading 3363 Unused Serialized files (Serialized files now loaded: 0)
System memory in use before: 131.4 MB.
System memory in use after: 131.5 MB.

Unloading 17 unused Assets to reduce memory usage. Loaded Objects now: 3886.
Total: 3.304400 ms (FindLiveObjects: 0.480000 ms CreateObjectMapping: 0.105700 ms MarkObjects: 2.562000 ms  DeleteObjects: 0.154000 ms)

========================================================================
Received Prepare
Registering precompiled user dll's ...
Registered in 0.007137 seconds.
Begin MonoManager ReloadAssembly
Native extension for WindowsStandalone target not found
Refreshing native plugins compatible for Editor in 0.91 ms, found 2 plugins.
Preloading 0 native plugins for Editor in 0.00 ms.
Mono: successfully reloaded assembly
- Completed reload, in  1.401 seconds
Platform modules already initialized, skipping
Refreshing native plugins compatible for Editor in 1.12 ms, found 2 plugins.
Preloading 0 native plugins for Editor in 0.00 ms.
Unloading 3363 Unused Serialized files (Serialized files now loaded: 0)
System memory in use before: 131.4 MB.
System memory in use after: 131.5 MB.

Unloading 17 unused Assets to reduce memory usage. Loaded Objects now: 3890.
Total: 3.191700 ms (FindLiveObjects: 0.400700 ms CreateObjectMapping: 0.129100 ms MarkObjects: 2.530000 ms  DeleteObjects: 0.130100 ms)

========================================================================
Received Import Request.
  Time since last request: 3100.984103 seconds.
  path: Assets/Scripts/BoardManager.cs
  artifactKey: Guid(1f12c7693f3970b4793c314321b4e444) Importer(815301076,1909f56bfc062723c751e8b465ee728b)
Start importing Assets/Scripts/BoardManager.cs using Guid(1f12c7693f3970b4793c314321b4e444) Importer(815301076,1909f56bfc062723c751e8b465ee728b)  -> (artifact id: '7d3bc0445a1121209f3260556ca70866') in 0.017559 seconds 
========================================================================
Received Prepare
Registering precompiled user dll's ...
Registered in 0.005273 seconds.
Begin MonoManager ReloadAssembly
Native extension for WindowsStandalone target not found
Refreshing native plugins compatible for Editor in 1.28 ms, found 2 plugins.
Preloading 0 native plugins for Editor in 0.00 ms.
Mono: successfully reloaded assembly
- Completed reload, in  1.389 seconds
Platform modules already initialized, skipping
Refreshing native plugins compatible for Editor in 0.77 ms, found 2 plugins.
Preloading 0 native plugins for Editor in 0.00 ms.
Unloading 3364 Unused Serialized files (Serialized files now loaded: 0)
System memory in use before: 131.4 MB.
System memory in use after: 131.5 MB.

Unloading 17 unused Assets to reduce memory usage. Loaded Objects now: 3895.
Total: 4.130700 ms (FindLiveObjects: 0.633000 ms CreateObjectMapping: 0.271200 ms MarkObjects: 3.088600 ms  DeleteObjects: 0.135400 ms)

========================================================================
Received Prepare
Registering precompiled user dll's ...
Registered in 0.004947 seconds.
Begin MonoManager ReloadAssembly
Native extension for WindowsStandalone target not found
Refreshing native plugins compatible for Editor in 1.14 ms, found 2 plugins.
Preloading 0 native plugins for Editor in 0.00 ms.
Mono: successfully reloaded assembly
- Completed reload, in  1.358 seconds
Platform modules already initialized, skipping
Refreshing native plugins compatible for Editor in 0.69 ms, found 2 plugins.
Preloading 0 native plugins for Editor in 0.00 ms.
Unloading 3364 Unused Serialized files (Serialized files now loaded: 0)
System memory in use before: 131.4 MB.
System memory in use after: 131.5 MB.

Unloading 17 unused Assets to reduce memory usage. Loaded Objects now: 3899.
Total: 4.379100 ms (FindLiveObjects: 0.455700 ms CreateObjectMapping: 0.353500 ms MarkObjects: 3.430000 ms  DeleteObjects: 0.137500 ms)

========================================================================
Received Import Request.
  Time since last request: 894.854169 seconds.
  path: Assets/Scripts/GameManager.cs
  artifactKey: Guid(d3d0320128bce0c4ea327180fcfe5c7c) Importer(815301076,1909f56bfc062723c751e8b465ee728b)
Start importing Assets/Scripts/GameManager.cs using Guid(d3d0320128bce0c4ea327180fcfe5c7c) Importer(815301076,1909f56bfc062723c751e8b465ee728b)  -> (artifact id: 'a409ca56065d019ecff0fcc51e7881dd') in 0.013302 seconds 
========================================================================
Received Import Request.
  Time since last request: 0.000275 seconds.
  path: Assets/Scripts/BoardManager.cs
  artifactKey: Guid(1f12c7693f3970b4793c314321b4e444) Importer(815301076,1909f56bfc062723c751e8b465ee728b)
Start importing Assets/Scripts/BoardManager.cs using Guid(1f12c7693f3970b4793c314321b4e444) Importer(815301076,1909f56bfc062723c751e8b465ee728b)  -> (artifact id: 'f3820855a35636029339005faae9ac46') in 0.003560 seconds 
========================================================================
Received Import Request.
  Time since last request: 1308.960733 seconds.
  path: Assets/Scripts/GameManager.cs
  artifactKey: Guid(d3d0320128bce0c4ea327180fcfe5c7c) Importer(815301076,1909f56bfc062723c751e8b465ee728b)
Start importing Assets/Scripts/GameManager.cs using Guid(d3d0320128bce0c4ea327180fcfe5c7c) Importer(815301076,1909f56bfc062723c751e8b465ee728b)  -> (artifact id: '7f1b50e5384582f344cdf12f6343b6ca') in 0.004290 seconds 
========================================================================
Received Prepare
Registering precompiled user dll's ...
Registered in 0.004389 seconds.
Begin MonoManager ReloadAssembly
Native extension for WindowsStandalone target not found
Refreshing native plugins compatible for Editor in 1.20 ms, found 2 plugins.
Preloading 0 native plugins for Editor in 0.00 ms.
Mono: successfully reloaded assembly
- Completed reload, in  1.278 seconds
Platform modules already initialized, skipping
Refreshing native plugins compatible for Editor in 0.68 ms, found 2 plugins.
Preloading 0 native plugins for Editor in 0.00 ms.
Unloading 3364 Unused Serialized files (Serialized files now loaded: 0)
System memory in use before: 131.4 MB.
System memory in use after: 131.5 MB.

Unloading 17 unused Assets to reduce memory usage. Loaded Objects now: 3903.
Total: 4.061800 ms (FindLiveObjects: 0.388600 ms CreateObjectMapping: 0.487200 ms MarkObjects: 3.055000 ms  DeleteObjects: 0.129000 ms)

========================================================================
Received Import Request.
  Time since last request: 13.682583 seconds.
  path: Assets/Scripts/GameManager.cs
  artifactKey: Guid(d3d0320128bce0c4ea327180fcfe5c7c) Importer(815301076,1909f56bfc062723c751e8b465ee728b)
Start importing Assets/Scripts/GameManager.cs using Guid(d3d0320128bce0c4ea327180fcfe5c7c) Importer(815301076,1909f56bfc062723c751e8b465ee728b)  -> (artifact id: '5a6170373c6d555a5329ae0046a2ccf9') in 0.008044 seconds 
========================================================================
Received Prepare
Registering precompiled user dll's ...
Registered in 0.004015 seconds.
Begin MonoManager ReloadAssembly
Native extension for WindowsStandalone target not found
Refreshing native plugins compatible for Editor in 1.13 ms, found 2 plugins.
Preloading 0 native plugins for Editor in 0.00 ms.
Mono: successfully reloaded assembly
- Completed reload, in  1.208 seconds
Platform modules already initialized, skipping
Refreshing native plugins compatible for Editor in 1.38 ms, found 2 plugins.
Preloading 0 native plugins for Editor in 0.00 ms.
Unloading 3364 Unused Serialized files (Serialized files now loaded: 0)
System memory in use before: 131.4 MB.
System memory in use after: 131.6 MB.

Unloading 17 unused Assets to reduce memory usage. Loaded Objects now: 3907.
Total: 3.464200 ms (FindLiveObjects: 0.486100 ms CreateObjectMapping: 0.225300 ms MarkObjects: 2.620400 ms  DeleteObjects: 0.130800 ms)

========================================================================
Received Import Request.
  Time since last request: 990.497401 seconds.
  path: Assets/Scripts/GameManager.cs
  artifactKey: Guid(d3d0320128bce0c4ea327180fcfe5c7c) Importer(815301076,1909f56bfc062723c751e8b465ee728b)
Start importing Assets/Scripts/GameManager.cs using Guid(d3d0320128bce0c4ea327180fcfe5c7c) Importer(815301076,1909f56bfc062723c751e8b465ee728b)  -> (artifact id: '9845b928c0bd8846e8a0298b6b6d6f3b') in 0.011084 seconds 
========================================================================
Received Prepare
Registering precompiled user dll's ...
Registered in 0.005709 seconds.
Begin MonoManager ReloadAssembly
Native extension for WindowsStandalone target not found
Refreshing native plugins compatible for Editor in 1.12 ms, found 2 plugins.
Preloading 0 native plugins for Editor in 0.00 ms.
Mono: successfully reloaded assembly
- Completed reload, in  1.276 seconds
Platform modules already initialized, skipping
Refreshing native plugins compatible for Editor in 0.80 ms, found 2 plugins.
Preloading 0 native plugins for Editor in 0.00 ms.
Unloading 3364 Unused Serialized files (Serialized files now loaded: 0)
System memory in use before: 131.4 MB.
System memory in use after: 131.6 MB.

Unloading 17 unused Assets to reduce memory usage. Loaded Objects now: 3911.
Total: 4.072700 ms (FindLiveObjects: 0.362700 ms CreateObjectMapping: 0.281000 ms MarkObjects: 3.271100 ms  DeleteObjects: 0.156200 ms)

========================================================================
Received Prepare
Registering precompiled user dll's ...
Registered in 0.004912 seconds.
Begin MonoManager ReloadAssembly
Native extension for WindowsStandalone target not found
Refreshing native plugins compatible for Editor in 1.13 ms, found 2 plugins.
Preloading 0 native plugins for Editor in 0.00 ms.
Mono: successfully reloaded assembly
- Completed reload, in  1.527 seconds
Platform modules already initialized, skipping
Refreshing native plugins compatible for Editor in 0.67 ms, found 2 plugins.
Preloading 0 native plugins for Editor in 0.00 ms.
Unloading 3364 Unused Serialized files (Serialized files now loaded: 0)
System memory in use before: 131.5 MB.
System memory in use after: 131.6 MB.

Unloading 17 unused Assets to reduce memory usage. Loaded Objects now: 3915.
Total: 3.554800 ms (FindLiveObjects: 0.365400 ms CreateObjectMapping: 0.129900 ms MarkObjects: 2.912200 ms  DeleteObjects: 0.145700 ms)

========================================================================
Received Prepare
Registering precompiled user dll's ...
Registered in 0.004598 seconds.
Begin MonoManager ReloadAssembly
Native extension for WindowsStandalone target not found
Refreshing native plugins compatible for Editor in 1.24 ms, found 2 plugins.
Preloading 0 native plugins for Editor in 0.00 ms.
Mono: successfully reloaded assembly
- Completed reload, in  1.310 seconds
Platform modules already initialized, skipping
Refreshing native plugins compatible for Editor in 0.82 ms, found 2 plugins.
Preloading 0 native plugins for Editor in 0.00 ms.
Unloading 3364 Unused Serialized files (Serialized files now loaded: 0)
System memory in use before: 131.5 MB.
System memory in use after: 131.6 MB.

Unloading 17 unused Assets to reduce memory usage. Loaded Objects now: 3919.
Total: 3.891500 ms (FindLiveObjects: 0.428200 ms CreateObjectMapping: 0.171000 ms MarkObjects: 3.138400 ms  DeleteObjects: 0.152200 ms)

========================================================================
Received Prepare
Registering precompiled user dll's ...
Registered in 0.006963 seconds.
Begin MonoManager ReloadAssembly
Native extension for WindowsStandalone target not found
Refreshing native plugins compatible for Editor in 1.33 ms, found 2 plugins.
Preloading 0 native plugins for Editor in 0.00 ms.
Mono: successfully reloaded assembly
- Completed reload, in  1.449 seconds
Platform modules already initialized, skipping
Refreshing native plugins compatible for Editor in 0.68 ms, found 2 plugins.
Preloading 0 native plugins for Editor in 0.00 ms.
Unloading 3364 Unused Serialized files (Serialized files now loaded: 0)
System memory in use before: 131.5 MB.
System memory in use after: 131.6 MB.

Unloading 17 unused Assets to reduce memory usage. Loaded Objects now: 3923.
Total: 3.479100 ms (FindLiveObjects: 0.525200 ms CreateObjectMapping: 0.189000 ms MarkObjects: 2.634600 ms  DeleteObjects: 0.127800 ms)

========================================================================
Received Prepare
Registering precompiled user dll's ...
Registered in 0.010536 seconds.
Begin MonoManager ReloadAssembly
Native extension for WindowsStandalone target not found
Refreshing native plugins compatible for Editor in 2.53 ms, found 2 plugins.
Preloading 0 native plugins for Editor in 0.00 ms.
Mono: successfully reloaded assembly
- Completed reload, in  1.947 seconds
Platform modules already initialized, skipping
Refreshing native plugins compatible for Editor in 1.73 ms, found 2 plugins.
Preloading 0 native plugins for Editor in 0.00 ms.
Unloading 3364 Unused Serialized files (Serialized files now loaded: 0)
System memory in use before: 131.5 MB.
System memory in use after: 131.6 MB.

Unloading 17 unused Assets to reduce memory usage. Loaded Objects now: 3927.
Total: 9.150000 ms (FindLiveObjects: 1.226400 ms CreateObjectMapping: 0.807800 ms MarkObjects: 6.797200 ms  DeleteObjects: 0.314700 ms)

========================================================================
Received Prepare
Registering precompiled user dll's ...
Registered in 0.006060 seconds.
Begin MonoManager ReloadAssembly
Native extension for WindowsStandalone target not found
Refreshing native plugins compatible for Editor in 0.80 ms, found 2 plugins.
Preloading 0 native plugins for Editor in 0.00 ms.
Mono: successfully reloaded assembly
- Completed reload, in  1.238 seconds
Platform modules already initialized, skipping
Refreshing native plugins compatible for Editor in 0.68 ms, found 2 plugins.
Preloading 0 native plugins for Editor in 0.00 ms.
Unloading 3364 Unused Serialized files (Serialized files now loaded: 0)
System memory in use before: 131.5 MB.
System memory in use after: 131.6 MB.

Unloading 17 unused Assets to reduce memory usage. Loaded Objects now: 3931.
Total: 3.924500 ms (FindLiveObjects: 0.379100 ms CreateObjectMapping: 0.188800 ms MarkObjects: 3.213000 ms  DeleteObjects: 0.141600 ms)

========================================================================
Received Prepare
Registering precompiled user dll's ...
Registered in 0.005493 seconds.
Begin MonoManager ReloadAssembly
Native extension for WindowsStandalone target not found
Refreshing native plugins compatible for Editor in 1.22 ms, found 2 plugins.
Preloading 0 native plugins for Editor in 0.00 ms.
Mono: successfully reloaded assembly
- Completed reload, in  1.579 seconds
Platform modules already initialized, skipping
Refreshing native plugins compatible for Editor in 0.98 ms, found 2 plugins.
Preloading 0 native plugins for Editor in 0.00 ms.
Unloading 3364 Unused Serialized files (Serialized files now loaded: 0)
System memory in use before: 131.5 MB.
System memory in use after: 131.6 MB.

Unloading 17 unused Assets to reduce memory usage. Loaded Objects now: 3935.
Total: 2.903300 ms (FindLiveObjects: 0.349200 ms CreateObjectMapping: 0.105500 ms MarkObjects: 2.316900 ms  DeleteObjects: 0.129800 ms)

========================================================================
Received Prepare
Registering precompiled user dll's ...
Registered in 0.007315 seconds.
Begin MonoManager ReloadAssembly
Native extension for WindowsStandalone target not found
Refreshing native plugins compatible for Editor in 2.24 ms, found 2 plugins.
Preloading 0 native plugins for Editor in 0.00 ms.
Mono: successfully reloaded assembly
- Completed reload, in  1.936 seconds
Platform modules already initialized, skipping
Refreshing native plugins compatible for Editor in 0.70 ms, found 2 plugins.
Preloading 0 native plugins for Editor in 0.00 ms.
Unloading 3364 Unused Serialized files (Serialized files now loaded: 0)
System memory in use before: 131.5 MB.
System memory in use after: 131.6 MB.

Unloading 17 unused Assets to reduce memory usage. Loaded Objects now: 3939.
Total: 3.838100 ms (FindLiveObjects: 0.442900 ms CreateObjectMapping: 0.187000 ms MarkObjects: 3.065600 ms  DeleteObjects: 0.141000 ms)

========================================================================
Received Import Request.
  Time since last request: 3294.282427 seconds.
  path: Assets/Scripts/Point.cs
  artifactKey: Guid(100edc626d32d964f9ce71cb3f909548) Importer(815301076,1909f56bfc062723c751e8b465ee728b)
Start importing Assets/Scripts/Point.cs using Guid(100edc626d32d964f9ce71cb3f909548) Importer(815301076,1909f56bfc062723c751e8b465ee728b)  -> (artifact id: 'cbe3858da6cd5a5c715b4f43f0809927') in 0.011253 seconds 
AssetImportWorkerClient::OnTransportError - code=2 error=End of file
